<?xml version="1.0" encoding="UTF-8"?>
<testsuite xmlns:xsi="http://www.w3.org/2001/XMLSchema-instance" xsi:noNamespaceSchemaLocation="https://maven.apache.org/surefire/maven-surefire-plugin/xsd/surefire-test-report-3.0.xsd" version="3.0" name="test.client.ClientTest" time="4.885" tests="1" errors="0" skipped="0" failures="0">
  <properties>
[...]
</properties>
  <testcase name="clientSendsDataAndServerStoresIt" classname="test.client.ClientTest" time="4.545">
    <system-out><![CDATA[[INFO] IoTServer accepting on port 53737
[INFO] Accepted connection from /127.0.0.1:53738
Server response: ACK for test-device,1762618031371,41.333
[INFO] Received test-device=41.333
Server response: ACK for test-device,1762618032196,82.426
[INFO] Received test-device=82.426
[INFO] Received test-device=85.592
Server response: ACK for test-device,1762618033049,85.592
[INFO] Received test-device=109.387
Server response: ACK for test-device,1762618033867,109.387
Server response: ACK for test-device,1762618034678,99.049
[INFO] Received test-device=99.049
]]></system-out>
    <system-err><![CDATA[[ERROR] Failed to start HTTP API: Address already in use: bind
[ERROR] [2025-11-08T16:07:12.198171Z] ALERT: test-device value=82.426
[ERROR] [2025-11-08T16:07:13.050009600Z] ALERT: test-device value=85.592
[ERROR] [2025-11-08T16:07:13.870181Z] ALERT: test-device value=109.387
[ERROR] [2025-11-08T16:07:14.679335800Z] ALERT: test-device value=99.049
]]></system-err>
  </testcase>
</testsuite>